<?xml version="1.0" encoding="UTF-8"?>
<!-- Generated by org.testng.reporters.JUnitReportReporter -->
<testsuite hostname="HIBACL44401" name="com.crm.qa.testcases.SimpleFormDemoPageTestCases" tests="2" failures="0" timestamp="10 May 2019 09:35:33 GMT" time="43.488" errors="0">
  <testcase name="VerifyTwoInputField" time="21.933" classname="com.crm.qa.testcases.SimpleFormDemoPageTestCases"/>
  <testcase name="VerifySingleInputField" time="21.555" classname="com.crm.qa.testcases.SimpleFormDemoPageTestCases"/>
</testsuite> <!-- com.crm.qa.testcases.SimpleFormDemoPageTestCases -->
