<?xml version="1.0" encoding="UTF-8"?>
<!-- Generated by org.testng.reporters.JUnitReportReporter -->
<testsuite hostname="HIBACL44401" name="com.crm.qa.testcases.HomePageTestcases" tests="5" failures="0" timestamp="10 May 2019 09:35:33 GMT" time="102.496" errors="0">
  <testcase name="VerifyDemoPage" time="15.696" classname="com.crm.qa.testcases.HomePageTestcases"/>
  <testcase name="VerifyDemoLink" time="19.755" classname="com.crm.qa.testcases.HomePageTestcases"/>
  <testcase name="SimpleFormDemo" time="26.175" classname="com.crm.qa.testcases.HomePageTestcases"/>
  <testcase name="VerifyBootstrapDatePickerLink" time="20.294" classname="com.crm.qa.testcases.HomePageTestcases"/>
  <testcase name="InputFormLink" time="20.576" classname="com.crm.qa.testcases.HomePageTestcases"/>
</testsuite> <!-- com.crm.qa.testcases.HomePageTestcases -->
