<?xml version="1.0" encoding="UTF-8"?>
<!-- Generated by org.testng.reporters.JUnitReportReporter -->
<testsuite hostname="HIBACL44401" name="com.crm.qa.testcases.SimpleFormDemoPageTestCases" tests="2" failures="0" timestamp="13 May 2019 07:18:05 GMT" time="64.269" errors="0">
  <testcase name="VerifySingleInputField" time="34.908" classname="com.crm.qa.testcases.SimpleFormDemoPageTestCases"/>
  <testcase name="VerifyTwoInputField" time="29.361" classname="com.crm.qa.testcases.SimpleFormDemoPageTestCases"/>
</testsuite> <!-- com.crm.qa.testcases.SimpleFormDemoPageTestCases -->
